2022-03-17 13:22:28,975 DEBUG logging.InternalLoggerFactory [main] Using Log4J2 as the default logging framework
2022-03-17 13:22:28,983 DEBUG util.ResourceLeakDetector [main] -Dio.netty.leakDetection.level: simple
2022-03-17 13:22:28,983 DEBUG util.ResourceLeakDetector [main] -Dio.netty.leakDetection.targetRecords: 4
2022-03-17 13:22:28,987 DEBUG util.ResourceLeakDetectorFactory [main] Loaded default ResourceLeakDetector: io.netty.util.ResourceLeakDetector@75e91545
2022-03-17 13:22:29,004 DEBUG internal.PlatformDependent0 [main] -Dio.netty.noUnsafe: false
2022-03-17 13:22:29,004 DEBUG internal.PlatformDependent0 [main] Java version: 8
2022-03-17 13:22:29,005 DEBUG internal.PlatformDependent0 [main] sun.misc.Unsafe.theUnsafe: available
2022-03-17 13:22:29,006 DEBUG internal.PlatformDependent0 [main] sun.misc.Unsafe.copyMemory: available
2022-03-17 13:22:29,007 DEBUG internal.PlatformDependent0 [main] java.nio.Buffer.address: available
2022-03-17 13:22:29,008 DEBUG internal.PlatformDependent0 [main] direct buffer constructor: available
2022-03-17 13:22:29,009 DEBUG internal.PlatformDependent0 [main] java.nio.Bits.unaligned: available, true
2022-03-17 13:22:29,009 DEBUG internal.PlatformDependent0 [main] jdk.internal.misc.Unsafe.allocateUninitializedArray(int): unavailable prior to Java9
2022-03-17 13:22:29,009 DEBUG internal.PlatformDependent0 [main] java.nio.DirectByteBuffer.<init>(long, int): available
2022-03-17 13:22:29,009 DEBUG internal.PlatformDependent [main] sun.misc.Unsafe: available
2022-03-17 13:22:29,010 DEBUG internal.PlatformDependent [main] -Dio.netty.tmpdir: C:\Users\user\AppData\Local\Temp (java.io.tmpdir)
2022-03-17 13:22:29,011 DEBUG internal.PlatformDependent [main] -Dio.netty.bitMode: 64 (sun.arch.data.model)
2022-03-17 13:22:29,012 DEBUG internal.PlatformDependent [main] Platform: Windows
2022-03-17 13:22:29,014 DEBUG internal.PlatformDependent [main] -Dio.netty.maxDirectMemory: 3808428032 bytes
2022-03-17 13:22:29,015 DEBUG internal.PlatformDependent [main] -Dio.netty.uninitializedArrayAllocationThreshold: -1
2022-03-17 13:22:29,017 DEBUG internal.CleanerJava6 [main] java.nio.ByteBuffer.cleaner(): available
2022-03-17 13:22:29,017 DEBUG internal.PlatformDependent [main] -Dio.netty.noPreferDirect: false
2022-03-17 13:22:29,025 DEBUG internal.PlatformDependent [main] org.jctools-core.MpscChunkedArrayQueue: available
2022-03-17 13:22:29,043 DEBUG internal.InternalThreadLocalMap [main] -Dio.netty.threadLocalMap.stringBuilder.initialSize: 1024
2022-03-17 13:22:29,044 DEBUG internal.InternalThreadLocalMap [main] -Dio.netty.threadLocalMap.stringBuilder.maxSize: 4096
2022-03-17 13:22:29,067 DEBUG ssl.JdkSslContext [main] Default protocols (JDK): [TLSv1.2] 
2022-03-17 13:22:29,068 DEBUG ssl.JdkSslContext [main] Default cipher suites (JDK): [TLS_ECDHE_ECDSA_WITH_AES_256_GCM_SHA384, TLS_ECDHE_ECDSA_WITH_AES_128_GCM_SHA256, TLS_ECDHE_RSA_WITH_AES_128_GCM_SHA256, TLS_ECDHE_RSA_WITH_AES_256_GCM_SHA384, TLS_ECDHE_RSA_WITH_AES_128_CBC_SHA, TLS_ECDHE_RSA_WITH_AES_256_CBC_SHA, TLS_RSA_WITH_AES_128_GCM_SHA256, TLS_RSA_WITH_AES_128_CBC_SHA, TLS_RSA_WITH_AES_256_CBC_SHA, TLS_AES_128_GCM_SHA256, TLS_AES_256_GCM_SHA384]
2022-03-17 13:22:29,095 DEBUG channel.MultithreadEventLoopGroup [main] -Dio.netty.eventLoopThreads: 8
2022-03-17 13:22:29,103 DEBUG nio.NioEventLoop [main] -Dio.netty.noKeySetOptimization: false
2022-03-17 13:22:29,103 DEBUG nio.NioEventLoop [main] -Dio.netty.selectorAutoRebuildThreshold: 512
2022-03-17 13:22:29,112 TRACE nio.NioEventLoop [main] instrumented a special java.util.Set into: sun.nio.ch.WindowsSelectorImpl@172ca72b
2022-03-17 13:22:29,113 TRACE nio.NioEventLoop [main] instrumented a special java.util.Set into: sun.nio.ch.WindowsSelectorImpl@2ce86164
2022-03-17 13:22:29,114 TRACE nio.NioEventLoop [main] instrumented a special java.util.Set into: sun.nio.ch.WindowsSelectorImpl@5e8f9e2d
2022-03-17 13:22:29,115 TRACE nio.NioEventLoop [main] instrumented a special java.util.Set into: sun.nio.ch.WindowsSelectorImpl@51df223b
2022-03-17 13:22:29,116 TRACE nio.NioEventLoop [main] instrumented a special java.util.Set into: sun.nio.ch.WindowsSelectorImpl@fd46303
2022-03-17 13:22:29,117 TRACE nio.NioEventLoop [main] instrumented a special java.util.Set into: sun.nio.ch.WindowsSelectorImpl@60d8c0dc
2022-03-17 13:22:29,117 TRACE nio.NioEventLoop [main] instrumented a special java.util.Set into: sun.nio.ch.WindowsSelectorImpl@4204541c
2022-03-17 13:22:29,119 TRACE nio.NioEventLoop [main] instrumented a special java.util.Set into: sun.nio.ch.WindowsSelectorImpl@6a62689d
2022-03-17 13:22:29,138 DEBUG buffer.PooledByteBufAllocator [main] -Dio.netty.allocator.numHeapArenas: 8
2022-03-17 13:22:29,138 DEBUG buffer.PooledByteBufAllocator [main] -Dio.netty.allocator.numDirectArenas: 8
2022-03-17 13:22:29,139 DEBUG buffer.PooledByteBufAllocator [main] -Dio.netty.allocator.pageSize: 8192
2022-03-17 13:22:29,139 DEBUG buffer.PooledByteBufAllocator [main] -Dio.netty.allocator.maxOrder: 11
2022-03-17 13:22:29,139 DEBUG buffer.PooledByteBufAllocator [main] -Dio.netty.allocator.chunkSize: 16777216
2022-03-17 13:22:29,139 DEBUG buffer.PooledByteBufAllocator [main] -Dio.netty.allocator.smallCacheSize: 256
2022-03-17 13:22:29,139 DEBUG buffer.PooledByteBufAllocator [main] -Dio.netty.allocator.normalCacheSize: 64
2022-03-17 13:22:29,140 DEBUG buffer.PooledByteBufAllocator [main] -Dio.netty.allocator.maxCachedBufferCapacity: 32768
2022-03-17 13:22:29,140 DEBUG buffer.PooledByteBufAllocator [main] -Dio.netty.allocator.cacheTrimInterval: 8192
2022-03-17 13:22:29,140 DEBUG buffer.PooledByteBufAllocator [main] -Dio.netty.allocator.cacheTrimIntervalMillis: 0
2022-03-17 13:22:29,140 DEBUG buffer.PooledByteBufAllocator [main] -Dio.netty.allocator.useCacheForAllThreads: true
2022-03-17 13:22:29,140 DEBUG buffer.PooledByteBufAllocator [main] -Dio.netty.allocator.maxCachedByteBuffersPerChunk: 1023
2022-03-17 13:22:29,149 DEBUG buffer.ByteBufUtil [main] -Dio.netty.allocator.type: pooled
2022-03-17 13:22:29,149 DEBUG buffer.ByteBufUtil [main] -Dio.netty.threadLocalDirectBufferSize: 0
2022-03-17 13:22:29,149 DEBUG buffer.ByteBufUtil [main] -Dio.netty.maxThreadLocalCharBufferSize: 16384
2022-03-17 13:22:29,937 DEBUG channel.DefaultChannelId [Forwarding newSession on session null to remote] -Dio.netty.processId: 15248 (auto-detected)
2022-03-17 13:22:29,939 DEBUG util.NetUtil [Forwarding newSession on session null to remote] -Djava.net.preferIPv4Stack: false
2022-03-17 13:22:29,940 DEBUG util.NetUtil [Forwarding newSession on session null to remote] -Djava.net.preferIPv6Addresses: false
2022-03-17 13:22:29,976 DEBUG util.NetUtilInitializations [Forwarding newSession on session null to remote] Loopback interface: lo (Software Loopback Interface 1, 127.0.0.1)
2022-03-17 13:22:29,978 DEBUG util.NetUtil [Forwarding newSession on session null to remote] Failed to get SOMAXCONN from sysctl and file \proc\sys\net\core\somaxconn. Default: 200
2022-03-17 13:22:30,016 DEBUG channel.DefaultChannelId [Forwarding newSession on session null to remote] -Dio.netty.machineId: 1c:1b:0d:ff:fe:e6:d3:4c (auto-detected)
2022-03-17 13:22:30,058 DEBUG buffer.AbstractByteBuf [AsyncHttpClient-1-2] -Dio.netty.buffer.checkAccessible: true
2022-03-17 13:22:30,058 DEBUG buffer.AbstractByteBuf [AsyncHttpClient-1-2] -Dio.netty.buffer.checkBounds: true
2022-03-17 13:22:30,058 DEBUG util.ResourceLeakDetectorFactory [AsyncHttpClient-1-2] Loaded default ResourceLeakDetector: io.netty.util.ResourceLeakDetector@523f12d0
2022-03-17 13:22:30,077 DEBUG util.Recycler [AsyncHttpClient-1-2] -Dio.netty.recycler.maxCapacityPerThread: 4096
2022-03-17 13:22:30,077 DEBUG util.Recycler [AsyncHttpClient-1-2] -Dio.netty.recycler.maxSharedCapacityFactor: 2
2022-03-17 13:22:30,078 DEBUG util.Recycler [AsyncHttpClient-1-2] -Dio.netty.recycler.linkCapacity: 16
2022-03-17 13:22:30,078 DEBUG util.Recycler [AsyncHttpClient-1-2] -Dio.netty.recycler.ratio: 8
2022-03-17 13:22:30,078 DEBUG util.Recycler [AsyncHttpClient-1-2] -Dio.netty.recycler.delayedQueue.ratio: 8
2022-03-17 13:22:30,641 DEBUG compression.Brotli [AsyncHttpClient-1-2] brotli4j not in the classpath; Brotli support will be unavailable.
2022-03-17 13:22:30,739 DEBUG internal.ThreadLocalRandom [main] -Dio.netty.initialSeedUniquifier: 0xb5573a528128629f
2022-03-17 13:22:54,205 TRACE websocketx.WebSocket08FrameEncoder [AsyncHttpClient-1-4] Encoding WebSocket Frame opCode=8 length=26
